#-----------------------------------------------------------
# Vivado v2021.2 (64-bit)
# SW Build 3367213 on Tue Oct 19 02:47:39 MDT 2021
# IP Build 3369179 on Thu Oct 21 08:25:16 MDT 2021
# Start of session at: Sun Sep 24 17:18:48 2023
# Process ID: 3695
# Current directory: /home/luiscarlos/Desktop/ultra/super_secure_tiles
# Command line: vivado
# Log file: /home/luiscarlos/Desktop/ultra/super_secure_tiles/vivado.log
# Journal file: /home/luiscarlos/Desktop/ultra/super_secure_tiles/vivado.jou
# Running On: luiscarlos-HP-EliteBook-Folio-1040-G3, OS: Linux, CPU Frequency: 2800.000 MHz, CPU Physical cores: 2, Host memory: 16640 MB
#-----------------------------------------------------------
Sourcing tcl script '/home/luiscarlos/.Xilinx/Vivado/Vivado_init.tcl'
start_gui
WARNING: [Board 49-26] cannot add Board Part avnet.com:zuboard_1cg:part0:1.0 available at /tools/Xilinx/Vivado/2021.2/data/boards/board_files/zub1cg/1.0/board.xml as part xczu1cg-sbva484-1-e specified in board_part file is either invalid or not available
WARNING: [Board 49-26] cannot add Board Part avnet.com:zuboard_1cg:part0:1.1 available at /tools/Xilinx/Vivado/2021.2/data/boards/board_files/zub1cg/1.1/board.xml as part xczu1cg-sbva484-1-e specified in board_part file is either invalid or not available
WARNING: [Board 49-26] cannot add Board Part xilinx.com:vck190_es:part0:1.3 available at /tools/Xilinx/Vivado/2021.2/data/xhub/boards/XilinxBoardStore/boards/Xilinx/vck190/es/1.3/board.xml as part xcvc1902-vsva2197-2mp-e-s-es1 specified in board_part file is either invalid or not available
WARNING: [Board 49-26] cannot add Board Part xilinx.com:vmk180_es:part0:1.3 available at /tools/Xilinx/Vivado/2021.2/data/xhub/boards/XilinxBoardStore/boards/Xilinx/vmk180/es/1.3/board.xml as part xcvm1802-vsva2197-2mp-e-s-es1 specified in board_part file is either invalid or not available
WARNING: [Board 49-26] cannot add Board Part xilinx.com:vpk120_es:part0:1.2 available at /tools/Xilinx/Vivado/2021.2/data/xhub/boards/XilinxBoardStore/boards/Xilinx/vpk120/es/1.2/board.xml as part xcvp1202-vsva2785-2mp-e-s-es1 specified in board_part file is either invalid or not available
WARNING: [Board 49-26] cannot add Board Part xilinx.com:zcu208ld:part0:2.0 available at /tools/Xilinx/Vivado/2021.2/data/xhub/boards/XilinxBoardStore/boards/Xilinx/zcu208ld/production/2.0/board.xml as part xczu58dr-fsvg1517-2-i specified in board_part file is either invalid or not available
WARNING: [Board 49-26] cannot add Board Part xilinx.com:zcu208ld_es:part0:1.0 available at /tools/Xilinx/Vivado/2021.2/data/xhub/boards/XilinxBoardStore/boards/Xilinx/zcu208ld/es/1.0/board.xml as part xczu58dr-fsvg1517-2-i-es1 specified in board_part file is either invalid or not available
WARNING: [Board 49-26] cannot add Board Part xilinx.com:zcu216ld:part0:2.0 available at /tools/Xilinx/Vivado/2021.2/data/xhub/boards/XilinxBoardStore/boards/Xilinx/zcu216ld/production/2.0/board.xml as part xczu59dr-ffvf1760-2-i specified in board_part file is either invalid or not available
WARNING: [Board 49-26] cannot add Board Part xilinx.com:zcu216ld_es:part0:1.0 available at /tools/Xilinx/Vivado/2021.2/data/xhub/boards/XilinxBoardStore/boards/Xilinx/zcu216ld/es/1.0/board.xml as part xczu59dr-ffvf1760-2-i-es1 specified in board_part file is either invalid or not available
WARNING: [Board 49-26] cannot add Board Part xilinx.com:zcu670:part0:1.0 available at /tools/Xilinx/Vivado/2021.2/data/xhub/boards/XilinxBoardStore/boards/Xilinx/zcu670/1.0/board.xml as part xczu67dr-fsve1156-2-i specified in board_part file is either invalid or not available
open_project /home/luiscarlos/Desktop/ultra/super_secure_tiles/vivado_project/super_secure_tiles.xpr
Scanning sources...
Finished scanning sources
INFO: [IP_Flow 19-234] Refreshing IP repositories
INFO: [IP_Flow 19-1704] No user IP repositories specified
INFO: [IP_Flow 19-2313] Loaded Vivado IP repository '/tools/Xilinx/Vivado/2021.2/data/ip'.
open_project: Time (s): cpu = 00:00:27 ; elapsed = 00:00:15 . Memory (MB): peak = 8026.828 ; gain = 216.141 ; free physical = 9387 ; free virtual = 29465
open_bd_design {/home/luiscarlos/Desktop/ultra/super_secure_tiles/vivado_project/super_secure_tiles.srcs/sources_1/bd/design_1/design_1.bd}
